2025-05-27T10:10:59.907+08:00  INFO 6696 --- [springboot-tx] [main] c.example.demo.SpringbootTxApplication   : Starting SpringbootTxApplication using Java 21.0.6 with PID 6696 (E:\JavaWeb\springboot-tx\target\classes started by NTPU in E:\JavaWeb\springboot-tx)
2025-05-27T10:10:59.908+08:00  INFO 6696 --- [springboot-tx] [main] c.example.demo.SpringbootTxApplication   : No active profile set, falling back to 1 default profile: "default"
2025-05-27T10:11:00.278+08:00  INFO 6696 --- [springboot-tx] [main] .s.d.r.c.RepositoryConfigurationDelegate : Bootstrapping Spring Data JPA repositories in DEFAULT mode.
2025-05-27T10:11:00.291+08:00  INFO 6696 --- [springboot-tx] [main] .s.d.r.c.RepositoryConfigurationDelegate : Finished Spring Data repository scanning in 7 ms. Found 0 JPA repository interfaces.
2025-05-27T10:11:00.540+08:00  INFO 6696 --- [springboot-tx] [main] o.s.b.w.embedded.tomcat.TomcatWebServer  : Tomcat initialized with port 8083 (http)
2025-05-27T10:11:00.554+08:00  INFO 6696 --- [springboot-tx] [main] o.apache.catalina.core.StandardService   : Starting service [Tomcat]
2025-05-27T10:11:00.555+08:00  INFO 6696 --- [springboot-tx] [main] o.apache.catalina.core.StandardEngine    : Starting Servlet engine: [Apache Tomcat/10.1.41]
2025-05-27T10:11:00.585+08:00  INFO 6696 --- [springboot-tx] [main] o.a.c.c.C.[Tomcat].[localhost].[/]       : Initializing Spring embedded WebApplicationContext
2025-05-27T10:11:00.585+08:00  INFO 6696 --- [springboot-tx] [main] w.s.c.ServletWebServerApplicationContext : Root WebApplicationContext: initialization completed in 654 ms
2025-05-27T10:11:00.686+08:00  INFO 6696 --- [springboot-tx] [main] o.hibernate.jpa.internal.util.LogHelper  : HHH000204: Processing PersistenceUnitInfo [name: default]
2025-05-27T10:11:00.727+08:00  INFO 6696 --- [springboot-tx] [main] org.hibernate.Version                    : HHH000412: Hibernate ORM core version 6.6.15.Final
2025-05-27T10:11:00.749+08:00  INFO 6696 --- [springboot-tx] [main] o.h.c.internal.RegionFactoryInitiator    : HHH000026: Second-level cache disabled
2025-05-27T10:11:00.938+08:00  INFO 6696 --- [springboot-tx] [main] o.s.o.j.p.SpringPersistenceUnitInfo      : No LoadTimeWeaver setup: ignoring JPA class transformer
2025-05-27T10:11:00.960+08:00  INFO 6696 --- [springboot-tx] [main] com.zaxxer.hikari.HikariDataSource       : HikariPool-1 - Starting...
2025-05-27T10:11:01.075+08:00  INFO 6696 --- [springboot-tx] [main] com.zaxxer.hikari.pool.HikariPool        : HikariPool-1 - Added connection com.mysql.cj.jdbc.ConnectionImpl@1182d1df
2025-05-27T10:11:01.076+08:00  INFO 6696 --- [springboot-tx] [main] com.zaxxer.hikari.HikariDataSource       : HikariPool-1 - Start completed.
2025-05-27T10:11:01.131+08:00  INFO 6696 --- [springboot-tx] [main] org.hibernate.orm.connections.pooling    : HHH10001005: Database info:
	Database JDBC URL [Connecting through datasource 'HikariDataSource (HikariPool-1)']
	Database driver: undefined/unknown
	Database version: 8.0.34
	Autocommit mode: undefined/unknown
	Isolation level: undefined/unknown
	Minimum pool size: undefined/unknown
	Maximum pool size: undefined/unknown
2025-05-27T10:11:01.327+08:00  INFO 6696 --- [springboot-tx] [main] o.h.e.t.j.p.i.JtaPlatformInitiator       : HHH000489: No JTA platform available (set 'hibernate.transaction.jta.platform' to enable JTA platform integration)
2025-05-27T10:11:01.330+08:00  INFO 6696 --- [springboot-tx] [main] j.LocalContainerEntityManagerFactoryBean : Initialized JPA EntityManagerFactory for persistence unit 'default'
2025-05-27T10:11:01.584+08:00  INFO 6696 --- [springboot-tx] [main] o.s.b.w.embedded.tomcat.TomcatWebServer  : Tomcat started on port 8083 (http) with context path '/'
2025-05-27T10:11:01.588+08:00  INFO 6696 --- [springboot-tx] [main] c.example.demo.SpringbootTxApplication   : Started SpringbootTxApplication in 1.957 seconds (process running for 3.861)
2025-05-27T10:19:05.382+08:00  INFO 6696 --- [springboot-tx] [RMI TCP Connection(16)-127.0.0.1] inMXBeanRegistrar$SpringApplicationAdmin : Application shutdown requested.
2025-05-27T10:19:05.383+08:00  INFO 6696 --- [springboot-tx] [RMI TCP Connection(16)-127.0.0.1] o.s.b.w.e.tomcat.GracefulShutdown        : Commencing graceful shutdown. Waiting for active requests to complete
2025-05-27T10:19:05.386+08:00  INFO 6696 --- [springboot-tx] [tomcat-shutdown] o.s.b.w.e.tomcat.GracefulShutdown        : Graceful shutdown complete
2025-05-27T10:19:05.388+08:00  INFO 6696 --- [springboot-tx] [RMI TCP Connection(16)-127.0.0.1] j.LocalContainerEntityManagerFactoryBean : Closing JPA EntityManagerFactory for persistence unit 'default'
2025-05-27T10:19:05.389+08:00  INFO 6696 --- [springboot-tx] [RMI TCP Connection(16)-127.0.0.1] com.zaxxer.hikari.HikariDataSource       : HikariPool-1 - Shutdown initiated...
2025-05-27T10:19:05.393+08:00  INFO 6696 --- [springboot-tx] [RMI TCP Connection(16)-127.0.0.1] com.zaxxer.hikari.HikariDataSource       : HikariPool-1 - Shutdown completed.
2025-05-27T10:19:06.638+08:00  INFO 5552 --- [springboot-tx] [main] c.example.demo.SpringbootTxApplication   : Starting SpringbootTxApplication using Java 21.0.6 with PID 5552 (E:\JavaWeb\springboot-tx\target\classes started by NTPU in E:\JavaWeb\springboot-tx)
2025-05-27T10:19:06.639+08:00  INFO 5552 --- [springboot-tx] [main] c.example.demo.SpringbootTxApplication   : No active profile set, falling back to 1 default profile: "default"
2025-05-27T10:19:06.943+08:00  INFO 5552 --- [springboot-tx] [main] .s.d.r.c.RepositoryConfigurationDelegate : Bootstrapping Spring Data JPA repositories in DEFAULT mode.
2025-05-27T10:19:06.954+08:00  INFO 5552 --- [springboot-tx] [main] .s.d.r.c.RepositoryConfigurationDelegate : Finished Spring Data repository scanning in 6 ms. Found 0 JPA repository interfaces.
2025-05-27T10:19:07.163+08:00  INFO 5552 --- [springboot-tx] [main] o.s.b.w.embedded.tomcat.TomcatWebServer  : Tomcat initialized with port 8083 (http)
2025-05-27T10:19:07.172+08:00  INFO 5552 --- [springboot-tx] [main] o.apache.catalina.core.StandardService   : Starting service [Tomcat]
2025-05-27T10:19:07.172+08:00  INFO 5552 --- [springboot-tx] [main] o.apache.catalina.core.StandardEngine    : Starting Servlet engine: [Apache Tomcat/10.1.41]
2025-05-27T10:19:07.198+08:00  INFO 5552 --- [springboot-tx] [main] o.a.c.c.C.[Tomcat].[localhost].[/]       : Initializing Spring embedded WebApplicationContext
2025-05-27T10:19:07.199+08:00  INFO 5552 --- [springboot-tx] [main] w.s.c.ServletWebServerApplicationContext : Root WebApplicationContext: initialization completed in 538 ms
2025-05-27T10:19:07.282+08:00  INFO 5552 --- [springboot-tx] [main] o.hibernate.jpa.internal.util.LogHelper  : HHH000204: Processing PersistenceUnitInfo [name: default]
2025-05-27T10:19:07.306+08:00  INFO 5552 --- [springboot-tx] [main] org.hibernate.Version                    : HHH000412: Hibernate ORM core version 6.6.15.Final
2025-05-27T10:19:07.323+08:00  INFO 5552 --- [springboot-tx] [main] o.h.c.internal.RegionFactoryInitiator    : HHH000026: Second-level cache disabled
2025-05-27T10:19:07.472+08:00  INFO 5552 --- [springboot-tx] [main] o.s.o.j.p.SpringPersistenceUnitInfo      : No LoadTimeWeaver setup: ignoring JPA class transformer
2025-05-27T10:19:07.489+08:00  INFO 5552 --- [springboot-tx] [main] com.zaxxer.hikari.HikariDataSource       : HikariPool-1 - Starting...
2025-05-27T10:19:07.582+08:00  INFO 5552 --- [springboot-tx] [main] com.zaxxer.hikari.pool.HikariPool        : HikariPool-1 - Added connection com.mysql.cj.jdbc.ConnectionImpl@5486ee92
2025-05-27T10:19:07.584+08:00  INFO 5552 --- [springboot-tx] [main] com.zaxxer.hikari.HikariDataSource       : HikariPool-1 - Start completed.
2025-05-27T10:19:07.627+08:00  INFO 5552 --- [springboot-tx] [main] org.hibernate.orm.connections.pooling    : HHH10001005: Database info:
	Database JDBC URL [Connecting through datasource 'HikariDataSource (HikariPool-1)']
	Database driver: undefined/unknown
	Database version: 8.0.34
	Autocommit mode: undefined/unknown
	Isolation level: undefined/unknown
	Minimum pool size: undefined/unknown
	Maximum pool size: undefined/unknown
2025-05-27T10:19:08.069+08:00  INFO 5552 --- [springboot-tx] [main] o.h.e.t.j.p.i.JtaPlatformInitiator       : HHH000489: No JTA platform available (set 'hibernate.transaction.jta.platform' to enable JTA platform integration)
2025-05-27T10:19:08.129+08:00  INFO 5552 --- [springboot-tx] [main] j.LocalContainerEntityManagerFactoryBean : Initialized JPA EntityManagerFactory for persistence unit 'default'
2025-05-27T10:19:08.343+08:00  INFO 5552 --- [springboot-tx] [main] o.s.b.w.embedded.tomcat.TomcatWebServer  : Tomcat started on port 8083 (http) with context path '/'
2025-05-27T10:19:08.347+08:00  INFO 5552 --- [springboot-tx] [main] c.example.demo.SpringbootTxApplication   : Started SpringbootTxApplication in 1.933 seconds (process running for 2.244)
2025-05-27T11:31:30.096+08:00  INFO 5552 --- [springboot-tx] [RMI TCP Connection(82)-127.0.0.1] inMXBeanRegistrar$SpringApplicationAdmin : Application shutdown requested.
2025-05-27T11:31:30.098+08:00  INFO 5552 --- [springboot-tx] [RMI TCP Connection(82)-127.0.0.1] o.s.b.w.e.tomcat.GracefulShutdown        : Commencing graceful shutdown. Waiting for active requests to complete
2025-05-27T11:31:30.100+08:00  INFO 5552 --- [springboot-tx] [tomcat-shutdown] o.s.b.w.e.tomcat.GracefulShutdown        : Graceful shutdown complete
2025-05-27T11:31:30.102+08:00  INFO 5552 --- [springboot-tx] [RMI TCP Connection(82)-127.0.0.1] j.LocalContainerEntityManagerFactoryBean : Closing JPA EntityManagerFactory for persistence unit 'default'
2025-05-27T11:31:30.103+08:00  INFO 5552 --- [springboot-tx] [RMI TCP Connection(82)-127.0.0.1] com.zaxxer.hikari.HikariDataSource       : HikariPool-1 - Shutdown initiated...
2025-05-27T11:31:30.105+08:00  INFO 5552 --- [springboot-tx] [RMI TCP Connection(82)-127.0.0.1] com.zaxxer.hikari.HikariDataSource       : HikariPool-1 - Shutdown completed.
2025-05-27T11:31:31.321+08:00  INFO 1048 --- [springboot-tx] [main] c.example.demo.SpringbootTxApplication   : Starting SpringbootTxApplication using Java 21.0.6 with PID 1048 (E:\JavaWeb\springboot-tx\target\classes started by NTPU in E:\JavaWeb\springboot-tx)
2025-05-27T11:31:31.323+08:00  INFO 1048 --- [springboot-tx] [main] c.example.demo.SpringbootTxApplication   : No active profile set, falling back to 1 default profile: "default"
2025-05-27T11:31:31.630+08:00  INFO 1048 --- [springboot-tx] [main] .s.d.r.c.RepositoryConfigurationDelegate : Bootstrapping Spring Data JPA repositories in DEFAULT mode.
2025-05-27T11:31:31.668+08:00  INFO 1048 --- [springboot-tx] [main] .s.d.r.c.RepositoryConfigurationDelegate : Finished Spring Data repository scanning in 33 ms. Found 3 JPA repository interfaces.
2025-05-27T11:31:31.885+08:00  INFO 1048 --- [springboot-tx] [main] o.s.b.w.embedded.tomcat.TomcatWebServer  : Tomcat initialized with port 8083 (http)
2025-05-27T11:31:31.894+08:00  INFO 1048 --- [springboot-tx] [main] o.apache.catalina.core.StandardService   : Starting service [Tomcat]
2025-05-27T11:31:31.895+08:00  INFO 1048 --- [springboot-tx] [main] o.apache.catalina.core.StandardEngine    : Starting Servlet engine: [Apache Tomcat/10.1.41]
2025-05-27T11:31:31.921+08:00  INFO 1048 --- [springboot-tx] [main] o.a.c.c.C.[Tomcat].[localhost].[/]       : Initializing Spring embedded WebApplicationContext
2025-05-27T11:31:31.921+08:00  INFO 1048 --- [springboot-tx] [main] w.s.c.ServletWebServerApplicationContext : Root WebApplicationContext: initialization completed in 578 ms
2025-05-27T11:31:32.006+08:00  INFO 1048 --- [springboot-tx] [main] o.hibernate.jpa.internal.util.LogHelper  : HHH000204: Processing PersistenceUnitInfo [name: default]
2025-05-27T11:31:32.031+08:00  INFO 1048 --- [springboot-tx] [main] org.hibernate.Version                    : HHH000412: Hibernate ORM core version 6.6.15.Final
2025-05-27T11:31:32.047+08:00  INFO 1048 --- [springboot-tx] [main] o.h.c.internal.RegionFactoryInitiator    : HHH000026: Second-level cache disabled
2025-05-27T11:31:32.191+08:00  INFO 1048 --- [springboot-tx] [main] o.s.o.j.p.SpringPersistenceUnitInfo      : No LoadTimeWeaver setup: ignoring JPA class transformer
2025-05-27T11:31:32.208+08:00  INFO 1048 --- [springboot-tx] [main] com.zaxxer.hikari.HikariDataSource       : HikariPool-1 - Starting...
2025-05-27T11:31:32.300+08:00  INFO 1048 --- [springboot-tx] [main] com.zaxxer.hikari.pool.HikariPool        : HikariPool-1 - Added connection com.mysql.cj.jdbc.ConnectionImpl@5dae5a70
2025-05-27T11:31:32.302+08:00  INFO 1048 --- [springboot-tx] [main] com.zaxxer.hikari.HikariDataSource       : HikariPool-1 - Start completed.
2025-05-27T11:31:32.346+08:00  INFO 1048 --- [springboot-tx] [main] org.hibernate.orm.connections.pooling    : HHH10001005: Database info:
	Database JDBC URL [Connecting through datasource 'HikariDataSource (HikariPool-1)']
	Database driver: undefined/unknown
	Database version: 8.0.34
	Autocommit mode: undefined/unknown
	Isolation level: undefined/unknown
	Minimum pool size: undefined/unknown
	Maximum pool size: undefined/unknown
2025-05-27T11:31:32.738+08:00  INFO 1048 --- [springboot-tx] [main] o.h.e.t.j.p.i.JtaPlatformInitiator       : HHH000489: No JTA platform available (set 'hibernate.transaction.jta.platform' to enable JTA platform integration)
2025-05-27T11:31:32.763+08:00  INFO 1048 --- [springboot-tx] [main] j.LocalContainerEntityManagerFactoryBean : Initialized JPA EntityManagerFactory for persistence unit 'default'
2025-05-27T11:31:32.884+08:00  INFO 1048 --- [springboot-tx] [main] o.s.d.j.r.query.QueryEnhancerFactory     : Hibernate is in classpath; If applicable, HQL parser will be used.
2025-05-27T11:31:33.096+08:00  INFO 1048 --- [springboot-tx] [main] o.s.b.w.embedded.tomcat.TomcatWebServer  : Tomcat started on port 8083 (http) with context path '/'
2025-05-27T11:31:33.100+08:00  INFO 1048 --- [springboot-tx] [main] c.example.demo.SpringbootTxApplication   : Started SpringbootTxApplication in 2.0 seconds (process running for 2.313)
2025-05-27T11:31:33.147+08:00  INFO 1048 --- [springboot-tx] [main] .s.b.a.l.ConditionEvaluationReportLogger : 

Error starting ApplicationContext. To display the condition evaluation report re-run your application with 'debug' enabled.
2025-05-27T11:31:33.155+08:00 ERROR 1048 --- [springboot-tx] [main] o.s.boot.SpringApplication               : Application run failed

org.springframework.dao.InvalidDataAccessResourceUsageException: No argument for named parameter ':book_id'
	at org.springframework.orm.jpa.vendor.HibernateJpaDialect.convertHibernateAccessException(HibernateJpaDialect.java:302) ~[spring-orm-6.2.7.jar:6.2.7]
	at org.springframework.orm.jpa.vendor.HibernateJpaDialect.convertHibernateAccessException(HibernateJpaDialect.java:256) ~[spring-orm-6.2.7.jar:6.2.7]
	at org.springframework.orm.jpa.vendor.HibernateJpaDialect.translateExceptionIfPossible(HibernateJpaDialect.java:241) ~[spring-orm-6.2.7.jar:6.2.7]
	at org.springframework.orm.jpa.AbstractEntityManagerFactoryBean.translateExceptionIfPossible(AbstractEntityManagerFactoryBean.java:560) ~[spring-orm-6.2.7.jar:6.2.7]
	at org.springframework.dao.support.ChainedPersistenceExceptionTranslator.translateExceptionIfPossible(ChainedPersistenceExceptionTranslator.java:61) ~[spring-tx-6.2.7.jar:6.2.7]
	at org.springframework.dao.support.DataAccessUtils.translateIfNecessary(DataAccessUtils.java:343) ~[spring-tx-6.2.7.jar:6.2.7]
	at org.springframework.dao.support.PersistenceExceptionTranslationInterceptor.invoke(PersistenceExceptionTranslationInterceptor.java:160) ~[spring-tx-6.2.7.jar:6.2.7]
	at org.springframework.aop.framework.ReflectiveMethodInvocation.proceed(ReflectiveMethodInvocation.java:184) ~[spring-aop-6.2.7.jar:6.2.7]
	at org.springframework.data.jpa.repository.support.CrudMethodMetadataPostProcessor$CrudMethodMetadataPopulatingMethodInterceptor.invoke(CrudMethodMetadataPostProcessor.java:136) ~[spring-data-jpa-3.5.0.jar:3.5.0]
	at org.springframework.aop.framework.ReflectiveMethodInvocation.proceed(ReflectiveMethodInvocation.java:184) ~[spring-aop-6.2.7.jar:6.2.7]
	at org.springframework.aop.framework.JdkDynamicAopProxy.invoke(JdkDynamicAopProxy.java:223) ~[spring-aop-6.2.7.jar:6.2.7]
	at jdk.proxy2/jdk.proxy2.$Proxy110.getBookPrice(Unknown Source) ~[na:na]
	at com.example.demo.service.Impl.BookServiceImpl.getBookPrice(BookServiceImpl.java:25) ~[classes/:na]
	at com.example.demo.service.Impl.BuyServiceImpl.buyOneBook(BuyServiceImpl.java:20) ~[classes/:na]
	at com.example.demo.TXcommandLineRunner.buyBook(TXcommandLineRunner.java:17) ~[classes/:na]
	at com.example.demo.TXcommandLineRunner.run(TXcommandLineRunner.java:22) ~[classes/:na]
	at org.springframework.boot.SpringApplication.lambda$callRunner$5(SpringApplication.java:789) ~[spring-boot-3.5.0.jar:3.5.0]
	at org.springframework.util.function.ThrowingConsumer$1.acceptWithException(ThrowingConsumer.java:82) ~[spring-core-6.2.7.jar:6.2.7]
	at org.springframework.util.function.ThrowingConsumer.accept(ThrowingConsumer.java:60) ~[spring-core-6.2.7.jar:6.2.7]
	at org.springframework.util.function.ThrowingConsumer$1.accept(ThrowingConsumer.java:86) ~[spring-core-6.2.7.jar:6.2.7]
	at org.springframework.boot.SpringApplication.callRunner(SpringApplication.java:797) ~[spring-boot-3.5.0.jar:3.5.0]
	at org.springframework.boot.SpringApplication.callRunner(SpringApplication.java:788) ~[spring-boot-3.5.0.jar:3.5.0]
	at org.springframework.boot.SpringApplication.lambda$callRunners$3(SpringApplication.java:773) ~[spring-boot-3.5.0.jar:3.5.0]
	at java.base/java.util.stream.ForEachOps$ForEachOp$OfRef.accept(ForEachOps.java:184) ~[na:na]
	at java.base/java.util.stream.SortedOps$SizedRefSortingSink.end(SortedOps.java:357) ~[na:na]
	at java.base/java.util.stream.AbstractPipeline.copyInto(AbstractPipeline.java:510) ~[na:na]
	at java.base/java.util.stream.AbstractPipeline.wrapAndCopyInto(AbstractPipeline.java:499) ~[na:na]
	at java.base/java.util.stream.ForEachOps$ForEachOp.evaluateSequential(ForEachOps.java:151) ~[na:na]
	at java.base/java.util.stream.ForEachOps$ForEachOp$OfRef.evaluateSequential(ForEachOps.java:174) ~[na:na]
	at java.base/java.util.stream.AbstractPipeline.evaluate(AbstractPipeline.java:234) ~[na:na]
	at java.base/java.util.stream.ReferencePipeline.forEach(ReferencePipeline.java:596) ~[na:na]
	at org.springframework.boot.SpringApplication.callRunners(SpringApplication.java:773) ~[spring-boot-3.5.0.jar:3.5.0]
	at org.springframework.boot.SpringApplication.run(SpringApplication.java:325) ~[spring-boot-3.5.0.jar:3.5.0]
	at org.springframework.boot.SpringApplication.run(SpringApplication.java:1362) ~[spring-boot-3.5.0.jar:3.5.0]
	at org.springframework.boot.SpringApplication.run(SpringApplication.java:1351) ~[spring-boot-3.5.0.jar:3.5.0]
	at com.example.demo.SpringbootTxApplication.main(SpringbootTxApplication.java:10) ~[classes/:na]
Caused by: org.hibernate.QueryParameterException: No argument for named parameter ':book_id'
	at org.hibernate.query.internal.QueryParameterBindingsImpl.validate(QueryParameterBindingsImpl.java:182) ~[hibernate-core-6.6.15.Final.jar:6.6.15.Final]
	at org.hibernate.query.spi.AbstractSelectionQuery.beforeQuery(AbstractSelectionQuery.java:166) ~[hibernate-core-6.6.15.Final.jar:6.6.15.Final]
	at org.hibernate.query.spi.AbstractSelectionQuery.beforeQueryHandlingFetchProfiles(AbstractSelectionQuery.java:159) ~[hibernate-core-6.6.15.Final.jar:6.6.15.Final]
	at org.hibernate.query.spi.AbstractSelectionQuery.list(AbstractSelectionQuery.java:140) ~[hibernate-core-6.6.15.Final.jar:6.6.15.Final]
	at org.hibernate.query.spi.AbstractSelectionQuery.getSingleResult(AbstractSelectionQuery.java:275) ~[hibernate-core-6.6.15.Final.jar:6.6.15.Final]
	at java.base/jdk.internal.reflect.DirectMethodHandleAccessor.invoke(DirectMethodHandleAccessor.java:103) ~[na:na]
	at java.base/java.lang.reflect.Method.invoke(Method.java:580) ~[na:na]
	at org.springframework.orm.jpa.SharedEntityManagerCreator$DeferredQueryInvocationHandler.invoke(SharedEntityManagerCreator.java:419) ~[spring-orm-6.2.7.jar:6.2.7]
	at jdk.proxy2/jdk.proxy2.$Proxy121.getSingleResult(Unknown Source) ~[na:na]
	at org.springframework.data.jpa.repository.query.JpaQueryExecution$SingleEntityExecution.doExecute(JpaQueryExecution.java:224) ~[spring-data-jpa-3.5.0.jar:3.5.0]
	at org.springframework.data.jpa.repository.query.JpaQueryExecution.execute(JpaQueryExecution.java:93) ~[spring-data-jpa-3.5.0.jar:3.5.0]
	at org.springframework.data.jpa.repository.query.AbstractJpaQuery.doExecute(AbstractJpaQuery.java:159) ~[spring-data-jpa-3.5.0.jar:3.5.0]
	at org.springframework.data.jpa.repository.query.AbstractJpaQuery.execute(AbstractJpaQuery.java:147) ~[spring-data-jpa-3.5.0.jar:3.5.0]
	at org.springframework.data.repository.core.support.RepositoryMethodInvoker.doInvoke(RepositoryMethodInvoker.java:170) ~[spring-data-commons-3.5.0.jar:3.5.0]
	at org.springframework.data.repository.core.support.RepositoryMethodInvoker.invoke(RepositoryMethodInvoker.java:158) ~[spring-data-commons-3.5.0.jar:3.5.0]
	at org.springframework.data.repository.core.support.QueryExecutorMethodInterceptor.doInvoke(QueryExecutorMethodInterceptor.java:170) ~[spring-data-commons-3.5.0.jar:3.5.0]
	at org.springframework.data.repository.core.support.QueryExecutorMethodInterceptor.invoke(QueryExecutorMethodInterceptor.java:149) ~[spring-data-commons-3.5.0.jar:3.5.0]
	at org.springframework.aop.framework.ReflectiveMethodInvocation.proceed(ReflectiveMethodInvocation.java:184) ~[spring-aop-6.2.7.jar:6.2.7]
	at org.springframework.data.projection.DefaultMethodInvokingMethodInterceptor.invoke(DefaultMethodInvokingMethodInterceptor.java:69) ~[spring-data-commons-3.5.0.jar:3.5.0]
	at org.springframework.aop.framework.ReflectiveMethodInvocation.proceed(ReflectiveMethodInvocation.java:184) ~[spring-aop-6.2.7.jar:6.2.7]
	at org.springframework.transaction.interceptor.TransactionAspectSupport.invokeWithinTransaction(TransactionAspectSupport.java:380) ~[spring-tx-6.2.7.jar:6.2.7]
	at org.springframework.transaction.interceptor.TransactionInterceptor.invoke(TransactionInterceptor.java:119) ~[spring-tx-6.2.7.jar:6.2.7]
	at org.springframework.aop.framework.ReflectiveMethodInvocation.proceed(ReflectiveMethodInvocation.java:184) ~[spring-aop-6.2.7.jar:6.2.7]
	at org.springframework.dao.support.PersistenceExceptionTranslationInterceptor.invoke(PersistenceExceptionTranslationInterceptor.java:138) ~[spring-tx-6.2.7.jar:6.2.7]
	... 29 common frames omitted

2025-05-27T11:31:33.159+08:00  INFO 1048 --- [springboot-tx] [main] o.s.b.w.e.tomcat.GracefulShutdown        : Commencing graceful shutdown. Waiting for active requests to complete
2025-05-27T11:31:33.162+08:00  INFO 1048 --- [springboot-tx] [tomcat-shutdown] o.s.b.w.e.tomcat.GracefulShutdown        : Graceful shutdown complete
2025-05-27T11:31:33.163+08:00  INFO 1048 --- [springboot-tx] [main] j.LocalContainerEntityManagerFactoryBean : Closing JPA EntityManagerFactory for persistence unit 'default'
2025-05-27T11:31:33.164+08:00  INFO 1048 --- [springboot-tx] [main] com.zaxxer.hikari.HikariDataSource       : HikariPool-1 - Shutdown initiated...
2025-05-27T11:31:33.168+08:00  INFO 1048 --- [springboot-tx] [main] com.zaxxer.hikari.HikariDataSource       : HikariPool-1 - Shutdown completed.
2025-05-27T11:34:52.127+08:00  INFO 13672 --- [springboot-tx] [main] c.example.demo.SpringbootTxApplication   : Starting SpringbootTxApplication using Java 21.0.6 with PID 13672 (E:\JavaWeb\springboot-tx\target\classes started by NTPU in E:\JavaWeb\springboot-tx)
2025-05-27T11:34:52.128+08:00  INFO 13672 --- [springboot-tx] [main] c.example.demo.SpringbootTxApplication   : No active profile set, falling back to 1 default profile: "default"
2025-05-27T11:34:52.440+08:00  INFO 13672 --- [springboot-tx] [main] .s.d.r.c.RepositoryConfigurationDelegate : Bootstrapping Spring Data JPA repositories in DEFAULT mode.
2025-05-27T11:34:52.478+08:00  INFO 13672 --- [springboot-tx] [main] .s.d.r.c.RepositoryConfigurationDelegate : Finished Spring Data repository scanning in 32 ms. Found 3 JPA repository interfaces.
2025-05-27T11:34:52.690+08:00  INFO 13672 --- [springboot-tx] [main] o.s.b.w.embedded.tomcat.TomcatWebServer  : Tomcat initialized with port 8083 (http)
2025-05-27T11:34:52.700+08:00  INFO 13672 --- [springboot-tx] [main] o.apache.catalina.core.StandardService   : Starting service [Tomcat]
2025-05-27T11:34:52.700+08:00  INFO 13672 --- [springboot-tx] [main] o.apache.catalina.core.StandardEngine    : Starting Servlet engine: [Apache Tomcat/10.1.41]
2025-05-27T11:34:52.726+08:00  INFO 13672 --- [springboot-tx] [main] o.a.c.c.C.[Tomcat].[localhost].[/]       : Initializing Spring embedded WebApplicationContext
2025-05-27T11:34:52.726+08:00  INFO 13672 --- [springboot-tx] [main] w.s.c.ServletWebServerApplicationContext : Root WebApplicationContext: initialization completed in 577 ms
2025-05-27T11:34:52.811+08:00  INFO 13672 --- [springboot-tx] [main] o.hibernate.jpa.internal.util.LogHelper  : HHH000204: Processing PersistenceUnitInfo [name: default]
2025-05-27T11:34:52.836+08:00  INFO 13672 --- [springboot-tx] [main] org.hibernate.Version                    : HHH000412: Hibernate ORM core version 6.6.15.Final
2025-05-27T11:34:52.852+08:00  INFO 13672 --- [springboot-tx] [main] o.h.c.internal.RegionFactoryInitiator    : HHH000026: Second-level cache disabled
2025-05-27T11:34:52.997+08:00  INFO 13672 --- [springboot-tx] [main] o.s.o.j.p.SpringPersistenceUnitInfo      : No LoadTimeWeaver setup: ignoring JPA class transformer
2025-05-27T11:34:53.013+08:00  INFO 13672 --- [springboot-tx] [main] com.zaxxer.hikari.HikariDataSource       : HikariPool-1 - Starting...
2025-05-27T11:34:53.106+08:00  INFO 13672 --- [springboot-tx] [main] com.zaxxer.hikari.pool.HikariPool        : HikariPool-1 - Added connection com.mysql.cj.jdbc.ConnectionImpl@7686f701
2025-05-27T11:34:53.107+08:00  INFO 13672 --- [springboot-tx] [main] com.zaxxer.hikari.HikariDataSource       : HikariPool-1 - Start completed.
2025-05-27T11:34:53.151+08:00  INFO 13672 --- [springboot-tx] [main] org.hibernate.orm.connections.pooling    : HHH10001005: Database info:
	Database JDBC URL [Connecting through datasource 'HikariDataSource (HikariPool-1)']
	Database driver: undefined/unknown
	Database version: 8.0.34
	Autocommit mode: undefined/unknown
	Isolation level: undefined/unknown
	Minimum pool size: undefined/unknown
	Maximum pool size: undefined/unknown
2025-05-27T11:34:53.550+08:00  INFO 13672 --- [springboot-tx] [main] o.h.e.t.j.p.i.JtaPlatformInitiator       : HHH000489: No JTA platform available (set 'hibernate.transaction.jta.platform' to enable JTA platform integration)
2025-05-27T11:34:53.574+08:00  INFO 13672 --- [springboot-tx] [main] j.LocalContainerEntityManagerFactoryBean : Initialized JPA EntityManagerFactory for persistence unit 'default'
2025-05-27T11:34:53.696+08:00  INFO 13672 --- [springboot-tx] [main] o.s.d.j.r.query.QueryEnhancerFactory     : Hibernate is in classpath; If applicable, HQL parser will be used.
2025-05-27T11:34:53.911+08:00  INFO 13672 --- [springboot-tx] [main] o.s.b.w.embedded.tomcat.TomcatWebServer  : Tomcat started on port 8083 (http) with context path '/'
2025-05-27T11:34:53.915+08:00  INFO 13672 --- [springboot-tx] [main] c.example.demo.SpringbootTxApplication   : Started SpringbootTxApplication in 2.014 seconds (process running for 2.322)
2025-05-27T11:35:23.250+08:00  INFO 13672 --- [springboot-tx] [RMI TCP Connection(10)-127.0.0.1] inMXBeanRegistrar$SpringApplicationAdmin : Application shutdown requested.
2025-05-27T11:35:23.251+08:00  INFO 13672 --- [springboot-tx] [RMI TCP Connection(10)-127.0.0.1] o.s.b.w.e.tomcat.GracefulShutdown        : Commencing graceful shutdown. Waiting for active requests to complete
2025-05-27T11:35:23.254+08:00  INFO 13672 --- [springboot-tx] [tomcat-shutdown] o.s.b.w.e.tomcat.GracefulShutdown        : Graceful shutdown complete
2025-05-27T11:35:23.256+08:00  INFO 13672 --- [springboot-tx] [RMI TCP Connection(10)-127.0.0.1] j.LocalContainerEntityManagerFactoryBean : Closing JPA EntityManagerFactory for persistence unit 'default'
2025-05-27T11:35:23.257+08:00  INFO 13672 --- [springboot-tx] [RMI TCP Connection(10)-127.0.0.1] com.zaxxer.hikari.HikariDataSource       : HikariPool-1 - Shutdown initiated...
2025-05-27T11:35:23.260+08:00  INFO 13672 --- [springboot-tx] [RMI TCP Connection(10)-127.0.0.1] com.zaxxer.hikari.HikariDataSource       : HikariPool-1 - Shutdown completed.
2025-05-27T11:35:24.493+08:00  INFO 4388 --- [springboot-tx] [main] c.example.demo.SpringbootTxApplication   : Starting SpringbootTxApplication using Java 21.0.6 with PID 4388 (E:\JavaWeb\springboot-tx\target\classes started by NTPU in E:\JavaWeb\springboot-tx)
2025-05-27T11:35:24.494+08:00  INFO 4388 --- [springboot-tx] [main] c.example.demo.SpringbootTxApplication   : No active profile set, falling back to 1 default profile: "default"
2025-05-27T11:35:24.783+08:00  INFO 4388 --- [springboot-tx] [main] .s.d.r.c.RepositoryConfigurationDelegate : Bootstrapping Spring Data JPA repositories in DEFAULT mode.
2025-05-27T11:35:24.816+08:00  INFO 4388 --- [springboot-tx] [main] .s.d.r.c.RepositoryConfigurationDelegate : Finished Spring Data repository scanning in 28 ms. Found 3 JPA repository interfaces.
2025-05-27T11:35:25.033+08:00  INFO 4388 --- [springboot-tx] [main] o.s.b.w.embedded.tomcat.TomcatWebServer  : Tomcat initialized with port 8083 (http)
2025-05-27T11:35:25.042+08:00  INFO 4388 --- [springboot-tx] [main] o.apache.catalina.core.StandardService   : Starting service [Tomcat]
2025-05-27T11:35:25.042+08:00  INFO 4388 --- [springboot-tx] [main] o.apache.catalina.core.StandardEngine    : Starting Servlet engine: [Apache Tomcat/10.1.41]
2025-05-27T11:35:25.068+08:00  INFO 4388 --- [springboot-tx] [main] o.a.c.c.C.[Tomcat].[localhost].[/]       : Initializing Spring embedded WebApplicationContext
2025-05-27T11:35:25.068+08:00  INFO 4388 --- [springboot-tx] [main] w.s.c.ServletWebServerApplicationContext : Root WebApplicationContext: initialization completed in 553 ms
2025-05-27T11:35:25.155+08:00  INFO 4388 --- [springboot-tx] [main] o.hibernate.jpa.internal.util.LogHelper  : HHH000204: Processing PersistenceUnitInfo [name: default]
2025-05-27T11:35:25.179+08:00  INFO 4388 --- [springboot-tx] [main] org.hibernate.Version                    : HHH000412: Hibernate ORM core version 6.6.15.Final
2025-05-27T11:35:25.197+08:00  INFO 4388 --- [springboot-tx] [main] o.h.c.internal.RegionFactoryInitiator    : HHH000026: Second-level cache disabled
2025-05-27T11:35:25.344+08:00  INFO 4388 --- [springboot-tx] [main] o.s.o.j.p.SpringPersistenceUnitInfo      : No LoadTimeWeaver setup: ignoring JPA class transformer
2025-05-27T11:35:25.360+08:00  INFO 4388 --- [springboot-tx] [main] com.zaxxer.hikari.HikariDataSource       : HikariPool-1 - Starting...
2025-05-27T11:35:25.453+08:00  INFO 4388 --- [springboot-tx] [main] com.zaxxer.hikari.pool.HikariPool        : HikariPool-1 - Added connection com.mysql.cj.jdbc.ConnectionImpl@6335f04a
2025-05-27T11:35:25.454+08:00  INFO 4388 --- [springboot-tx] [main] com.zaxxer.hikari.HikariDataSource       : HikariPool-1 - Start completed.
2025-05-27T11:35:25.497+08:00  INFO 4388 --- [springboot-tx] [main] org.hibernate.orm.connections.pooling    : HHH10001005: Database info:
	Database JDBC URL [Connecting through datasource 'HikariDataSource (HikariPool-1)']
	Database driver: undefined/unknown
	Database version: 8.0.34
	Autocommit mode: undefined/unknown
	Isolation level: undefined/unknown
	Minimum pool size: undefined/unknown
	Maximum pool size: undefined/unknown
2025-05-27T11:35:25.913+08:00  INFO 4388 --- [springboot-tx] [main] o.h.e.t.j.p.i.JtaPlatformInitiator       : HHH000489: No JTA platform available (set 'hibernate.transaction.jta.platform' to enable JTA platform integration)
2025-05-27T11:35:25.938+08:00  INFO 4388 --- [springboot-tx] [main] j.LocalContainerEntityManagerFactoryBean : Initialized JPA EntityManagerFactory for persistence unit 'default'
2025-05-27T11:35:26.062+08:00  INFO 4388 --- [springboot-tx] [main] o.s.d.j.r.query.QueryEnhancerFactory     : Hibernate is in classpath; If applicable, HQL parser will be used.
2025-05-27T11:35:26.280+08:00  INFO 4388 --- [springboot-tx] [main] o.s.b.w.embedded.tomcat.TomcatWebServer  : Tomcat started on port 8083 (http) with context path '/'
2025-05-27T11:35:26.284+08:00  INFO 4388 --- [springboot-tx] [main] c.example.demo.SpringbootTxApplication   : Started SpringbootTxApplication in 2.013 seconds (process running for 2.319)
2025-05-27T11:39:05.263+08:00  INFO 4388 --- [springboot-tx] [RMI TCP Connection(13)-127.0.0.1] inMXBeanRegistrar$SpringApplicationAdmin : Application shutdown requested.
2025-05-27T11:39:05.264+08:00  INFO 4388 --- [springboot-tx] [RMI TCP Connection(13)-127.0.0.1] o.s.b.w.e.tomcat.GracefulShutdown        : Commencing graceful shutdown. Waiting for active requests to complete
2025-05-27T11:39:05.267+08:00  INFO 4388 --- [springboot-tx] [tomcat-shutdown] o.s.b.w.e.tomcat.GracefulShutdown        : Graceful shutdown complete
2025-05-27T11:39:05.269+08:00  INFO 4388 --- [springboot-tx] [RMI TCP Connection(13)-127.0.0.1] j.LocalContainerEntityManagerFactoryBean : Closing JPA EntityManagerFactory for persistence unit 'default'
2025-05-27T11:39:05.270+08:00  INFO 4388 --- [springboot-tx] [RMI TCP Connection(13)-127.0.0.1] com.zaxxer.hikari.HikariDataSource       : HikariPool-1 - Shutdown initiated...
2025-05-27T11:39:05.273+08:00  INFO 4388 --- [springboot-tx] [RMI TCP Connection(13)-127.0.0.1] com.zaxxer.hikari.HikariDataSource       : HikariPool-1 - Shutdown completed.
2025-05-27T11:39:06.483+08:00  INFO 6612 --- [springboot-tx] [main] c.example.demo.SpringbootTxApplication   : Starting SpringbootTxApplication using Java 21.0.6 with PID 6612 (E:\JavaWeb\springboot-tx\target\classes started by NTPU in E:\JavaWeb\springboot-tx)
2025-05-27T11:39:06.484+08:00  INFO 6612 --- [springboot-tx] [main] c.example.demo.SpringbootTxApplication   : No active profile set, falling back to 1 default profile: "default"
2025-05-27T11:39:06.774+08:00  INFO 6612 --- [springboot-tx] [main] .s.d.r.c.RepositoryConfigurationDelegate : Bootstrapping Spring Data JPA repositories in DEFAULT mode.
2025-05-27T11:39:06.810+08:00  INFO 6612 --- [springboot-tx] [main] .s.d.r.c.RepositoryConfigurationDelegate : Finished Spring Data repository scanning in 31 ms. Found 3 JPA repository interfaces.
2025-05-27T11:39:07.024+08:00  INFO 6612 --- [springboot-tx] [main] o.s.b.w.embedded.tomcat.TomcatWebServer  : Tomcat initialized with port 8083 (http)
2025-05-27T11:39:07.034+08:00  INFO 6612 --- [springboot-tx] [main] o.apache.catalina.core.StandardService   : Starting service [Tomcat]
2025-05-27T11:39:07.034+08:00  INFO 6612 --- [springboot-tx] [main] o.apache.catalina.core.StandardEngine    : Starting Servlet engine: [Apache Tomcat/10.1.41]
2025-05-27T11:39:07.059+08:00  INFO 6612 --- [springboot-tx] [main] o.a.c.c.C.[Tomcat].[localhost].[/]       : Initializing Spring embedded WebApplicationContext
2025-05-27T11:39:07.059+08:00  INFO 6612 --- [springboot-tx] [main] w.s.c.ServletWebServerApplicationContext : Root WebApplicationContext: initialization completed in 554 ms
2025-05-27T11:39:07.144+08:00  INFO 6612 --- [springboot-tx] [main] o.hibernate.jpa.internal.util.LogHelper  : HHH000204: Processing PersistenceUnitInfo [name: default]
2025-05-27T11:39:07.168+08:00  INFO 6612 --- [springboot-tx] [main] org.hibernate.Version                    : HHH000412: Hibernate ORM core version 6.6.15.Final
2025-05-27T11:39:07.185+08:00  INFO 6612 --- [springboot-tx] [main] o.h.c.internal.RegionFactoryInitiator    : HHH000026: Second-level cache disabled
2025-05-27T11:39:07.334+08:00  INFO 6612 --- [springboot-tx] [main] o.s.o.j.p.SpringPersistenceUnitInfo      : No LoadTimeWeaver setup: ignoring JPA class transformer
2025-05-27T11:39:07.351+08:00  INFO 6612 --- [springboot-tx] [main] com.zaxxer.hikari.HikariDataSource       : HikariPool-1 - Starting...
2025-05-27T11:39:07.444+08:00  INFO 6612 --- [springboot-tx] [main] com.zaxxer.hikari.pool.HikariPool        : HikariPool-1 - Added connection com.mysql.cj.jdbc.ConnectionImpl@5dae5a70
2025-05-27T11:39:07.445+08:00  INFO 6612 --- [springboot-tx] [main] com.zaxxer.hikari.HikariDataSource       : HikariPool-1 - Start completed.
2025-05-27T11:39:07.487+08:00  INFO 6612 --- [springboot-tx] [main] org.hibernate.orm.connections.pooling    : HHH10001005: Database info:
	Database JDBC URL [Connecting through datasource 'HikariDataSource (HikariPool-1)']
	Database driver: undefined/unknown
	Database version: 8.0.34
	Autocommit mode: undefined/unknown
	Isolation level: undefined/unknown
	Minimum pool size: undefined/unknown
	Maximum pool size: undefined/unknown
2025-05-27T11:39:07.892+08:00  INFO 6612 --- [springboot-tx] [main] o.h.e.t.j.p.i.JtaPlatformInitiator       : HHH000489: No JTA platform available (set 'hibernate.transaction.jta.platform' to enable JTA platform integration)
2025-05-27T11:39:07.918+08:00  INFO 6612 --- [springboot-tx] [main] j.LocalContainerEntityManagerFactoryBean : Initialized JPA EntityManagerFactory for persistence unit 'default'
2025-05-27T11:39:08.039+08:00  INFO 6612 --- [springboot-tx] [main] o.s.d.j.r.query.QueryEnhancerFactory     : Hibernate is in classpath; If applicable, HQL parser will be used.
2025-05-27T11:39:08.259+08:00  INFO 6612 --- [springboot-tx] [main] o.s.b.w.embedded.tomcat.TomcatWebServer  : Tomcat started on port 8083 (http) with context path '/'
2025-05-27T11:39:08.263+08:00  INFO 6612 --- [springboot-tx] [main] c.example.demo.SpringbootTxApplication   : Started SpringbootTxApplication in 2.001 seconds (process running for 2.308)
2025-05-27T11:39:15.622+08:00  INFO 6612 --- [springboot-tx] [RMI TCP Connection(8)-127.0.0.1] inMXBeanRegistrar$SpringApplicationAdmin : Application shutdown requested.
2025-05-27T11:39:15.622+08:00  INFO 6612 --- [springboot-tx] [RMI TCP Connection(8)-127.0.0.1] o.s.b.w.e.tomcat.GracefulShutdown        : Commencing graceful shutdown. Waiting for active requests to complete
2025-05-27T11:39:15.626+08:00  INFO 6612 --- [springboot-tx] [tomcat-shutdown] o.s.b.w.e.tomcat.GracefulShutdown        : Graceful shutdown complete
2025-05-27T11:39:15.628+08:00  INFO 6612 --- [springboot-tx] [RMI TCP Connection(8)-127.0.0.1] j.LocalContainerEntityManagerFactoryBean : Closing JPA EntityManagerFactory for persistence unit 'default'
2025-05-27T11:39:15.629+08:00  INFO 6612 --- [springboot-tx] [RMI TCP Connection(8)-127.0.0.1] com.zaxxer.hikari.HikariDataSource       : HikariPool-1 - Shutdown initiated...
2025-05-27T11:39:15.632+08:00  INFO 6612 --- [springboot-tx] [RMI TCP Connection(8)-127.0.0.1] com.zaxxer.hikari.HikariDataSource       : HikariPool-1 - Shutdown completed.
2025-05-27T11:39:16.850+08:00  INFO 3392 --- [springboot-tx] [main] c.example.demo.SpringbootTxApplication   : Starting SpringbootTxApplication using Java 21.0.6 with PID 3392 (E:\JavaWeb\springboot-tx\target\classes started by NTPU in E:\JavaWeb\springboot-tx)
2025-05-27T11:39:16.851+08:00  INFO 3392 --- [springboot-tx] [main] c.example.demo.SpringbootTxApplication   : No active profile set, falling back to 1 default profile: "default"
2025-05-27T11:39:17.146+08:00  INFO 3392 --- [springboot-tx] [main] .s.d.r.c.RepositoryConfigurationDelegate : Bootstrapping Spring Data JPA repositories in DEFAULT mode.
2025-05-27T11:39:17.185+08:00  INFO 3392 --- [springboot-tx] [main] .s.d.r.c.RepositoryConfigurationDelegate : Finished Spring Data repository scanning in 33 ms. Found 3 JPA repository interfaces.
2025-05-27T11:39:17.403+08:00  INFO 3392 --- [springboot-tx] [main] o.s.b.w.embedded.tomcat.TomcatWebServer  : Tomcat initialized with port 8083 (http)
2025-05-27T11:39:17.411+08:00  INFO 3392 --- [springboot-tx] [main] o.apache.catalina.core.StandardService   : Starting service [Tomcat]
2025-05-27T11:39:17.411+08:00  INFO 3392 --- [springboot-tx] [main] o.apache.catalina.core.StandardEngine    : Starting Servlet engine: [Apache Tomcat/10.1.41]
2025-05-27T11:39:17.438+08:00  INFO 3392 --- [springboot-tx] [main] o.a.c.c.C.[Tomcat].[localhost].[/]       : Initializing Spring embedded WebApplicationContext
2025-05-27T11:39:17.438+08:00  INFO 3392 --- [springboot-tx] [main] w.s.c.ServletWebServerApplicationContext : Root WebApplicationContext: initialization completed in 567 ms
2025-05-27T11:39:17.522+08:00  INFO 3392 --- [springboot-tx] [main] o.hibernate.jpa.internal.util.LogHelper  : HHH000204: Processing PersistenceUnitInfo [name: default]
2025-05-27T11:39:17.545+08:00  INFO 3392 --- [springboot-tx] [main] org.hibernate.Version                    : HHH000412: Hibernate ORM core version 6.6.15.Final
2025-05-27T11:39:17.562+08:00  INFO 3392 --- [springboot-tx] [main] o.h.c.internal.RegionFactoryInitiator    : HHH000026: Second-level cache disabled
2025-05-27T11:39:17.711+08:00  INFO 3392 --- [springboot-tx] [main] o.s.o.j.p.SpringPersistenceUnitInfo      : No LoadTimeWeaver setup: ignoring JPA class transformer
2025-05-27T11:39:17.727+08:00  INFO 3392 --- [springboot-tx] [main] com.zaxxer.hikari.HikariDataSource       : HikariPool-1 - Starting...
2025-05-27T11:39:17.818+08:00  INFO 3392 --- [springboot-tx] [main] com.zaxxer.hikari.pool.HikariPool        : HikariPool-1 - Added connection com.mysql.cj.jdbc.ConnectionImpl@7686f701
2025-05-27T11:39:17.819+08:00  INFO 3392 --- [springboot-tx] [main] com.zaxxer.hikari.HikariDataSource       : HikariPool-1 - Start completed.
2025-05-27T11:39:17.863+08:00  INFO 3392 --- [springboot-tx] [main] org.hibernate.orm.connections.pooling    : HHH10001005: Database info:
	Database JDBC URL [Connecting through datasource 'HikariDataSource (HikariPool-1)']
	Database driver: undefined/unknown
	Database version: 8.0.34
	Autocommit mode: undefined/unknown
	Isolation level: undefined/unknown
	Minimum pool size: undefined/unknown
	Maximum pool size: undefined/unknown
2025-05-27T11:39:18.268+08:00  INFO 3392 --- [springboot-tx] [main] o.h.e.t.j.p.i.JtaPlatformInitiator       : HHH000489: No JTA platform available (set 'hibernate.transaction.jta.platform' to enable JTA platform integration)
2025-05-27T11:39:18.292+08:00  INFO 3392 --- [springboot-tx] [main] j.LocalContainerEntityManagerFactoryBean : Initialized JPA EntityManagerFactory for persistence unit 'default'
2025-05-27T11:39:18.415+08:00  INFO 3392 --- [springboot-tx] [main] o.s.d.j.r.query.QueryEnhancerFactory     : Hibernate is in classpath; If applicable, HQL parser will be used.
2025-05-27T11:39:18.635+08:00  INFO 3392 --- [springboot-tx] [main] o.s.b.w.embedded.tomcat.TomcatWebServer  : Tomcat started on port 8083 (http) with context path '/'
2025-05-27T11:39:18.639+08:00  INFO 3392 --- [springboot-tx] [main] c.example.demo.SpringbootTxApplication   : Started SpringbootTxApplication in 2.012 seconds (process running for 2.32)
2025-05-27T11:39:22.951+08:00  INFO 3392 --- [springboot-tx] [RMI TCP Connection(7)-127.0.0.1] inMXBeanRegistrar$SpringApplicationAdmin : Application shutdown requested.
2025-05-27T11:39:22.952+08:00  INFO 3392 --- [springboot-tx] [RMI TCP Connection(7)-127.0.0.1] o.s.b.w.e.tomcat.GracefulShutdown        : Commencing graceful shutdown. Waiting for active requests to complete
2025-05-27T11:39:22.955+08:00  INFO 3392 --- [springboot-tx] [tomcat-shutdown] o.s.b.w.e.tomcat.GracefulShutdown        : Graceful shutdown complete
2025-05-27T11:39:22.957+08:00  INFO 3392 --- [springboot-tx] [RMI TCP Connection(7)-127.0.0.1] j.LocalContainerEntityManagerFactoryBean : Closing JPA EntityManagerFactory for persistence unit 'default'
2025-05-27T11:39:22.958+08:00  INFO 3392 --- [springboot-tx] [RMI TCP Connection(7)-127.0.0.1] com.zaxxer.hikari.HikariDataSource       : HikariPool-1 - Shutdown initiated...
2025-05-27T11:39:22.961+08:00  INFO 3392 --- [springboot-tx] [RMI TCP Connection(7)-127.0.0.1] com.zaxxer.hikari.HikariDataSource       : HikariPool-1 - Shutdown completed.
2025-05-27T11:39:24.188+08:00  INFO 5036 --- [springboot-tx] [main] c.example.demo.SpringbootTxApplication   : Starting SpringbootTxApplication using Java 21.0.6 with PID 5036 (E:\JavaWeb\springboot-tx\target\classes started by NTPU in E:\JavaWeb\springboot-tx)
2025-05-27T11:39:24.189+08:00  INFO 5036 --- [springboot-tx] [main] c.example.demo.SpringbootTxApplication   : No active profile set, falling back to 1 default profile: "default"
2025-05-27T11:39:24.478+08:00  INFO 5036 --- [springboot-tx] [main] .s.d.r.c.RepositoryConfigurationDelegate : Bootstrapping Spring Data JPA repositories in DEFAULT mode.
2025-05-27T11:39:24.510+08:00  INFO 5036 --- [springboot-tx] [main] .s.d.r.c.RepositoryConfigurationDelegate : Finished Spring Data repository scanning in 27 ms. Found 3 JPA repository interfaces.
2025-05-27T11:39:24.725+08:00  INFO 5036 --- [springboot-tx] [main] o.s.b.w.embedded.tomcat.TomcatWebServer  : Tomcat initialized with port 8083 (http)
2025-05-27T11:39:24.734+08:00  INFO 5036 --- [springboot-tx] [main] o.apache.catalina.core.StandardService   : Starting service [Tomcat]
2025-05-27T11:39:24.734+08:00  INFO 5036 --- [springboot-tx] [main] o.apache.catalina.core.StandardEngine    : Starting Servlet engine: [Apache Tomcat/10.1.41]
2025-05-27T11:39:24.760+08:00  INFO 5036 --- [springboot-tx] [main] o.a.c.c.C.[Tomcat].[localhost].[/]       : Initializing Spring embedded WebApplicationContext
2025-05-27T11:39:24.760+08:00  INFO 5036 --- [springboot-tx] [main] w.s.c.ServletWebServerApplicationContext : Root WebApplicationContext: initialization completed in 550 ms
2025-05-27T11:39:24.845+08:00  INFO 5036 --- [springboot-tx] [main] o.hibernate.jpa.internal.util.LogHelper  : HHH000204: Processing PersistenceUnitInfo [name: default]
2025-05-27T11:39:24.869+08:00  INFO 5036 --- [springboot-tx] [main] org.hibernate.Version                    : HHH000412: Hibernate ORM core version 6.6.15.Final
2025-05-27T11:39:24.885+08:00  INFO 5036 --- [springboot-tx] [main] o.h.c.internal.RegionFactoryInitiator    : HHH000026: Second-level cache disabled
2025-05-27T11:39:25.029+08:00  INFO 5036 --- [springboot-tx] [main] o.s.o.j.p.SpringPersistenceUnitInfo      : No LoadTimeWeaver setup: ignoring JPA class transformer
2025-05-27T11:39:25.045+08:00  INFO 5036 --- [springboot-tx] [main] com.zaxxer.hikari.HikariDataSource       : HikariPool-1 - Starting...
2025-05-27T11:39:25.138+08:00  INFO 5036 --- [springboot-tx] [main] com.zaxxer.hikari.pool.HikariPool        : HikariPool-1 - Added connection com.mysql.cj.jdbc.ConnectionImpl@7686f701
2025-05-27T11:39:25.139+08:00  INFO 5036 --- [springboot-tx] [main] com.zaxxer.hikari.HikariDataSource       : HikariPool-1 - Start completed.
2025-05-27T11:39:25.184+08:00  INFO 5036 --- [springboot-tx] [main] org.hibernate.orm.connections.pooling    : HHH10001005: Database info:
	Database JDBC URL [Connecting through datasource 'HikariDataSource (HikariPool-1)']
	Database driver: undefined/unknown
	Database version: 8.0.34
	Autocommit mode: undefined/unknown
	Isolation level: undefined/unknown
	Minimum pool size: undefined/unknown
	Maximum pool size: undefined/unknown
2025-05-27T11:39:25.583+08:00  INFO 5036 --- [springboot-tx] [main] o.h.e.t.j.p.i.JtaPlatformInitiator       : HHH000489: No JTA platform available (set 'hibernate.transaction.jta.platform' to enable JTA platform integration)
2025-05-27T11:39:25.607+08:00  INFO 5036 --- [springboot-tx] [main] j.LocalContainerEntityManagerFactoryBean : Initialized JPA EntityManagerFactory for persistence unit 'default'
2025-05-27T11:39:25.728+08:00  INFO 5036 --- [springboot-tx] [main] o.s.d.j.r.query.QueryEnhancerFactory     : Hibernate is in classpath; If applicable, HQL parser will be used.
2025-05-27T11:39:25.943+08:00  INFO 5036 --- [springboot-tx] [main] o.s.b.w.embedded.tomcat.TomcatWebServer  : Tomcat started on port 8083 (http) with context path '/'
2025-05-27T11:39:25.947+08:00  INFO 5036 --- [springboot-tx] [main] c.example.demo.SpringbootTxApplication   : Started SpringbootTxApplication in 1.984 seconds (process running for 2.299)
2025-05-27T11:43:22.662+08:00  INFO 5036 --- [springboot-tx] [RMI TCP Connection(14)-127.0.0.1] inMXBeanRegistrar$SpringApplicationAdmin : Application shutdown requested.
2025-05-27T11:43:22.663+08:00  INFO 5036 --- [springboot-tx] [RMI TCP Connection(14)-127.0.0.1] o.s.b.w.e.tomcat.GracefulShutdown        : Commencing graceful shutdown. Waiting for active requests to complete
2025-05-27T11:43:22.666+08:00  INFO 5036 --- [springboot-tx] [tomcat-shutdown] o.s.b.w.e.tomcat.GracefulShutdown        : Graceful shutdown complete
2025-05-27T11:43:22.667+08:00  INFO 5036 --- [springboot-tx] [RMI TCP Connection(14)-127.0.0.1] j.LocalContainerEntityManagerFactoryBean : Closing JPA EntityManagerFactory for persistence unit 'default'
2025-05-27T11:43:22.668+08:00  INFO 5036 --- [springboot-tx] [RMI TCP Connection(14)-127.0.0.1] com.zaxxer.hikari.HikariDataSource       : HikariPool-1 - Shutdown initiated...
2025-05-27T11:43:22.672+08:00  INFO 5036 --- [springboot-tx] [RMI TCP Connection(14)-127.0.0.1] com.zaxxer.hikari.HikariDataSource       : HikariPool-1 - Shutdown completed.
2025-05-27T11:43:23.889+08:00  INFO 1980 --- [springboot-tx] [main] c.example.demo.SpringbootTxApplication   : Starting SpringbootTxApplication using Java 21.0.6 with PID 1980 (E:\JavaWeb\springboot-tx\target\classes started by NTPU in E:\JavaWeb\springboot-tx)
2025-05-27T11:43:23.891+08:00  INFO 1980 --- [springboot-tx] [main] c.example.demo.SpringbootTxApplication   : No active profile set, falling back to 1 default profile: "default"
2025-05-27T11:43:24.187+08:00  INFO 1980 --- [springboot-tx] [main] .s.d.r.c.RepositoryConfigurationDelegate : Bootstrapping Spring Data JPA repositories in DEFAULT mode.
2025-05-27T11:43:24.223+08:00  INFO 1980 --- [springboot-tx] [main] .s.d.r.c.RepositoryConfigurationDelegate : Finished Spring Data repository scanning in 31 ms. Found 3 JPA repository interfaces.
2025-05-27T11:43:24.437+08:00  INFO 1980 --- [springboot-tx] [main] o.s.b.w.embedded.tomcat.TomcatWebServer  : Tomcat initialized with port 8083 (http)
2025-05-27T11:43:24.445+08:00  INFO 1980 --- [springboot-tx] [main] o.apache.catalina.core.StandardService   : Starting service [Tomcat]
2025-05-27T11:43:24.446+08:00  INFO 1980 --- [springboot-tx] [main] o.apache.catalina.core.StandardEngine    : Starting Servlet engine: [Apache Tomcat/10.1.41]
2025-05-27T11:43:24.472+08:00  INFO 1980 --- [springboot-tx] [main] o.a.c.c.C.[Tomcat].[localhost].[/]       : Initializing Spring embedded WebApplicationContext
2025-05-27T11:43:24.472+08:00  INFO 1980 --- [springboot-tx] [main] w.s.c.ServletWebServerApplicationContext : Root WebApplicationContext: initialization completed in 562 ms
2025-05-27T11:43:24.555+08:00  INFO 1980 --- [springboot-tx] [main] o.hibernate.jpa.internal.util.LogHelper  : HHH000204: Processing PersistenceUnitInfo [name: default]
2025-05-27T11:43:24.578+08:00  INFO 1980 --- [springboot-tx] [main] org.hibernate.Version                    : HHH000412: Hibernate ORM core version 6.6.15.Final
2025-05-27T11:43:24.595+08:00  INFO 1980 --- [springboot-tx] [main] o.h.c.internal.RegionFactoryInitiator    : HHH000026: Second-level cache disabled
2025-05-27T11:43:24.742+08:00  INFO 1980 --- [springboot-tx] [main] o.s.o.j.p.SpringPersistenceUnitInfo      : No LoadTimeWeaver setup: ignoring JPA class transformer
2025-05-27T11:43:24.758+08:00  INFO 1980 --- [springboot-tx] [main] com.zaxxer.hikari.HikariDataSource       : HikariPool-1 - Starting...
2025-05-27T11:43:24.851+08:00  INFO 1980 --- [springboot-tx] [main] com.zaxxer.hikari.pool.HikariPool        : HikariPool-1 - Added connection com.mysql.cj.jdbc.ConnectionImpl@6335f04a
2025-05-27T11:43:24.852+08:00  INFO 1980 --- [springboot-tx] [main] com.zaxxer.hikari.HikariDataSource       : HikariPool-1 - Start completed.
2025-05-27T11:43:24.896+08:00  INFO 1980 --- [springboot-tx] [main] org.hibernate.orm.connections.pooling    : HHH10001005: Database info:
	Database JDBC URL [Connecting through datasource 'HikariDataSource (HikariPool-1)']
	Database driver: undefined/unknown
	Database version: 8.0.34
	Autocommit mode: undefined/unknown
	Isolation level: undefined/unknown
	Minimum pool size: undefined/unknown
	Maximum pool size: undefined/unknown
2025-05-27T11:43:25.292+08:00  INFO 1980 --- [springboot-tx] [main] o.h.e.t.j.p.i.JtaPlatformInitiator       : HHH000489: No JTA platform available (set 'hibernate.transaction.jta.platform' to enable JTA platform integration)
2025-05-27T11:43:25.316+08:00  INFO 1980 --- [springboot-tx] [main] j.LocalContainerEntityManagerFactoryBean : Initialized JPA EntityManagerFactory for persistence unit 'default'
2025-05-27T11:43:25.437+08:00  INFO 1980 --- [springboot-tx] [main] o.s.d.j.r.query.QueryEnhancerFactory     : Hibernate is in classpath; If applicable, HQL parser will be used.
2025-05-27T11:43:25.693+08:00  INFO 1980 --- [springboot-tx] [main] o.s.b.w.embedded.tomcat.TomcatWebServer  : Tomcat started on port 8083 (http) with context path '/'
2025-05-27T11:43:25.697+08:00  INFO 1980 --- [springboot-tx] [main] c.example.demo.SpringbootTxApplication   : Started SpringbootTxApplication in 2.034 seconds (process running for 2.346)
2025-05-27T13:39:50.276+08:00  INFO 1980 --- [springboot-tx] [RMI TCP Connection(126)-127.0.0.1] inMXBeanRegistrar$SpringApplicationAdmin : Application shutdown requested.
2025-05-27T13:39:50.277+08:00  INFO 1980 --- [springboot-tx] [RMI TCP Connection(126)-127.0.0.1] o.s.b.w.e.tomcat.GracefulShutdown        : Commencing graceful shutdown. Waiting for active requests to complete
2025-05-27T13:39:50.280+08:00  INFO 1980 --- [springboot-tx] [tomcat-shutdown] o.s.b.w.e.tomcat.GracefulShutdown        : Graceful shutdown complete
2025-05-27T13:39:50.282+08:00  INFO 1980 --- [springboot-tx] [RMI TCP Connection(126)-127.0.0.1] j.LocalContainerEntityManagerFactoryBean : Closing JPA EntityManagerFactory for persistence unit 'default'
2025-05-27T13:39:50.283+08:00  INFO 1980 --- [springboot-tx] [RMI TCP Connection(126)-127.0.0.1] com.zaxxer.hikari.HikariDataSource       : HikariPool-1 - Shutdown initiated...
2025-05-27T13:39:50.284+08:00  INFO 1980 --- [springboot-tx] [RMI TCP Connection(126)-127.0.0.1] com.zaxxer.hikari.HikariDataSource       : HikariPool-1 - Shutdown completed.
